<?xml version="1.0" encoding="UTF-8"?>
<testsuite name="com.jwetherell.algorithms.data_structures.test.PatriciaTreeTests" tests="1" skipped="0" failures="0" errors="0" timestamp="2022-07-08T02:25:38" hostname="heaven7-hp" time="0.194">
  <properties/>
  <testcase name="testPatriciaTrie()" classname="com.jwetherell.algorithms.data_structures.test.PatriciaTreeTests" time="0.194"/>
  <system-out><![CDATA[]]></system-out>
  <system-err><![CDATA[]]></system-err>
</testsuite>
